{"contracts/Judicar.sol":{"l":{"11":0,"21":0},"path":"/Users/noah/github/republicprotocol/eth-republic/contracts/Judicar.sol","s":{},"b":{},"f":{"1":0,"2":0,"3":0},"fnMap":{"1":{"name":"onlyOrderBook","line":9,"loc":{"start":{"line":9,"column":2},"end":{"line":9,"column":26}}},"2":{"name":"submitCommitment","line":20,"loc":{"start":{"line":20,"column":2},"end":{"line":20,"column":75}}},"3":{"name":"getProofs","line":24,"loc":{"start":{"line":24,"column":2},"end":{"line":24,"column":75}}}},"statementMap":{},"branchMap":{}},"contracts/MinerRegistrar.sol":{"l":{"75":279,"79":504,"83":381,"87":56,"88":56,"93":89,"97":56,"109":73,"111":73,"113":13,"116":13,"117":13,"121":13,"122":13,"124":13,"127":60,"128":60,"143":1,"144":1,"145":1,"146":1,"147":1,"151":115,"152":115,"156":155,"157":155,"168":166,"169":37,"175":37,"176":46,"180":37,"181":37,"182":37,"183":37,"185":37,"187":37,"190":129,"212":89,"213":89,"217":89,"220":89,"223":87,"225":87,"228":87,"231":87,"232":87,"235":87,"237":87,"239":87,"241":87,"251":87,"253":87,"256":87,"267":3,"270":3,"271":3,"274":3,"275":3,"276":3,"277":0,"280":3,"283":2,"286":2,"287":2,"290":2,"291":1,"292":1,"294":1,"300":1,"303":1,"305":1,"309":2,"320":56,"323":54,"326":54,"327":54,"329":54,"332":54,"336":8,"339":8,"341":8,"348":46,"351":46,"352":46,"356":54,"357":54,"359":54,"360":54,"362":54,"364":8,"367":54,"370":54,"382":18,"393":1,"399":10,"401":10,"403":8,"405":8,"407":8,"408":43,"410":8,"416":0,"421":0,"425":4,"428":4,"432":11,"436":0,"441":6,"442":2,"444":4,"449":5,"453":33,"458":1,"462":0,"466":4,"470":89},"path":"/Users/noah/github/republicprotocol/eth-republic/contracts/MinerRegistrar.sol","s":{"1":279,"2":504,"3":381,"4":56,"5":56,"6":89,"7":56,"8":73,"9":73,"10":13,"11":13,"12":13,"13":13,"14":13,"15":13,"16":60,"17":60,"18":1,"19":1,"20":1,"21":1,"22":115,"23":115,"24":155,"25":155,"26":166,"27":37,"28":37,"29":37,"30":37,"31":37,"32":37,"33":37,"34":37,"35":129,"36":89,"37":89,"38":89,"39":89,"40":87,"41":87,"42":87,"43":87,"44":87,"45":87,"46":87,"47":87,"48":87,"49":87,"50":87,"51":87,"52":3,"53":3,"54":3,"55":3,"56":3,"57":3,"58":0,"59":3,"60":2,"61":2,"62":2,"63":2,"64":1,"65":1,"66":1,"67":1,"68":1,"69":1,"70":1,"71":2,"72":56,"73":54,"74":54,"75":54,"76":54,"77":8,"78":8,"79":8,"80":46,"81":46,"82":46,"83":54,"84":54,"85":54,"86":54,"87":54,"88":8,"89":54,"90":54,"91":18,"92":1,"93":10,"94":10,"95":8,"96":8,"97":8,"98":43,"99":8,"100":0,"101":0,"102":4,"103":4,"104":11,"105":0,"106":6,"107":2,"108":4,"109":5,"110":33,"111":1,"112":0,"113":4,"114":89},"b":{"1":[13,60],"2":[13,0],"3":[37,129],"4":[89,0],"5":[87,2],"6":[87,0],"7":[87,0],"8":[3,0],"9":[3,0],"10":[3,0],"11":[0,3],"12":[2,1],"13":[2,0],"14":[2,0],"15":[1,1],"16":[1,0],"17":[1,0],"18":[1,0],"19":[54,2],"20":[54,0],"21":[8,46],"22":[8,46],"23":[8,2],"24":[2,4]},"f":{"1":279,"2":504,"3":381,"4":56,"5":89,"6":56,"7":73,"8":1,"9":115,"10":155,"11":166,"12":89,"13":3,"14":56,"15":18,"16":1,"17":10,"18":0,"19":0,"20":4,"21":11,"22":0,"23":6,"24":5,"25":33,"26":1,"27":0,"28":4,"29":89},"fnMap":{"1":{"name":"toRegisterOffset","line":74,"loc":{"start":{"line":74,"column":2},"end":{"line":74,"column":60}}},"2":{"name":"toDeregisterOffset","line":78,"loc":{"start":{"line":78,"column":2},"end":{"line":78,"column":62}}},"3":{"name":"stayingRegisteredOffset","line":82,"loc":{"start":{"line":82,"column":2},"end":{"line":82,"column":67}}},"4":{"name":"isStayingRegistered","line":86,"loc":{"start":{"line":86,"column":2},"end":{"line":86,"column":76}}},"5":{"name":"canRegister","line":91,"loc":{"start":{"line":91,"column":2},"end":{"line":91,"column":68}}},"6":{"name":"canDeregister","line":96,"loc":{"start":{"line":96,"column":2},"end":{"line":96,"column":70}}},"7":{"name":"updateBondWithdrawal","line":107,"loc":{"start":{"line":107,"column":2},"end":{"line":107,"column":74}}},"8":{"name":"MinerRegistrar","line":142,"loc":{"start":{"line":142,"column":2},"end":{"line":142,"column":99}}},"9":{"name":"isRegistered","line":150,"loc":{"start":{"line":150,"column":2},"end":{"line":150,"column":68}}},"10":{"name":"isPendingRegistration","line":155,"loc":{"start":{"line":155,"column":2},"end":{"line":155,"column":77}}},"11":{"name":"checkEpoch","line":166,"loc":{"start":{"line":166,"column":2},"end":{"line":166,"column":45}}},"12":{"name":"register","line":206,"loc":{"start":{"line":206,"column":2},"end":{"line":206,"column":70}}},"13":{"name":"updateBond","line":265,"loc":{"start":{"line":265,"column":2},"end":{"line":265,"column":72}}},"14":{"name":"deregister","line":317,"loc":{"start":{"line":317,"column":2},"end":{"line":317,"column":46}}},"15":{"name":"withdrawBond","line":381,"loc":{"start":{"line":381,"column":2},"end":{"line":381,"column":48}}},"16":{"name":"getEpochBlockhash","line":392,"loc":{"start":{"line":392,"column":2},"end":{"line":392,"column":60}}},"17":{"name":"getCurrentMiners","line":397,"loc":{"start":{"line":397,"column":2},"end":{"line":397,"column":89}}},"18":{"name":"getAllMiners","line":414,"loc":{"start":{"line":414,"column":2},"end":{"line":414,"column":57}}},"19":{"name":"getMNetworkCount","line":419,"loc":{"start":{"line":419,"column":2},"end":{"line":419,"column":59}}},"20":{"name":"getMNetworkSize","line":424,"loc":{"start":{"line":424,"column":2},"end":{"line":424,"column":58}}},"21":{"name":"getCurrentMinerCount","line":431,"loc":{"start":{"line":431,"column":2},"end":{"line":431,"column":63}}},"22":{"name":"getNextMinerCount","line":435,"loc":{"start":{"line":435,"column":2},"end":{"line":435,"column":60}}},"23":{"name":"getBond","line":439,"loc":{"start":{"line":439,"column":2},"end":{"line":439,"column":66}}},"24":{"name":"getOwner","line":448,"loc":{"start":{"line":448,"column":2},"end":{"line":448,"column":67}}},"25":{"name":"getSeed","line":452,"loc":{"start":{"line":452,"column":2},"end":{"line":452,"column":66}}},"26":{"name":"getPublicKey","line":457,"loc":{"start":{"line":457,"column":2},"end":{"line":457,"column":69}}},"27":{"name":"getMinerID","line":461,"loc":{"start":{"line":461,"column":2},"end":{"line":461,"column":66}}},"28":{"name":"getEthereumAddress","line":465,"loc":{"start":{"line":465,"column":2},"end":{"line":465,"column":77}}},"29":{"name":"getBondPendingWithdrawal","line":469,"loc":{"start":{"line":469,"column":2},"end":{"line":469,"column":83}}}},"statementMap":{"1":{"start":{"line":75,"column":4},"end":{"line":75,"column":61}},"2":{"start":{"line":79,"column":4},"end":{"line":79,"column":32}},"3":{"start":{"line":83,"column":4},"end":{"line":83,"column":51}},"4":{"start":{"line":87,"column":4},"end":{"line":87,"column":41}},"5":{"start":{"line":88,"column":4},"end":{"line":88,"column":75}},"6":{"start":{"line":93,"column":4},"end":{"line":93,"column":70}},"7":{"start":{"line":97,"column":4},"end":{"line":97,"column":75}},"8":{"start":{"line":109,"column":4},"end":{"line":109,"column":35}},"9":{"start":{"line":111,"column":4},"end":{"line":111,"column":2876}},"10":{"start":{"line":113,"column":6},"end":{"line":113,"column":64}},"11":{"start":{"line":116,"column":6},"end":{"line":116,"column":53}},"12":{"start":{"line":117,"column":6},"end":{"line":117,"column":46}},"13":{"start":{"line":121,"column":6},"end":{"line":121,"column":56}},"14":{"start":{"line":122,"column":6},"end":{"line":122,"column":21}},"15":{"start":{"line":124,"column":6},"end":{"line":124,"column":39}},"16":{"start":{"line":127,"column":6},"end":{"line":127,"column":54}},"17":{"start":{"line":128,"column":6},"end":{"line":128,"column":46}},"18":{"start":{"line":143,"column":4},"end":{"line":143,"column":35}},"19":{"start":{"line":144,"column":4},"end":{"line":144,"column":33}},"20":{"start":{"line":145,"column":4},"end":{"line":145,"column":29}},"21":{"start":{"line":147,"column":4},"end":{"line":147,"column":15}},"22":{"start":{"line":151,"column":4},"end":{"line":151,"column":41}},"23":{"start":{"line":152,"column":4},"end":{"line":152,"column":70}},"24":{"start":{"line":156,"column":4},"end":{"line":156,"column":41}},"25":{"start":{"line":157,"column":4},"end":{"line":157,"column":88}},"26":{"start":{"line":168,"column":4},"end":{"line":168,"column":4880}},"27":{"start":{"line":169,"column":6},"end":{"line":169,"column":4936}},"28":{"start":{"line":175,"column":6},"end":{"line":175,"column":5108}},"29":{"start":{"line":180,"column":6},"end":{"line":180,"column":43}},"30":{"start":{"line":181,"column":6},"end":{"line":181,"column":46}},"31":{"start":{"line":182,"column":6},"end":{"line":182,"column":24}},"32":{"start":{"line":183,"column":6},"end":{"line":183,"column":26}},"33":{"start":{"line":185,"column":6},"end":{"line":185,"column":16}},"34":{"start":{"line":187,"column":6},"end":{"line":187,"column":17}},"35":{"start":{"line":190,"column":4},"end":{"line":190,"column":16}},"36":{"start":{"line":212,"column":4},"end":{"line":212,"column":72}},"37":{"start":{"line":213,"column":4},"end":{"line":213,"column":62}},"38":{"start":{"line":217,"column":4},"end":{"line":217,"column":38}},"39":{"start":{"line":220,"column":4},"end":{"line":220,"column":32}},"40":{"start":{"line":223,"column":4},"end":{"line":223,"column":54}},"41":{"start":{"line":225,"column":4},"end":{"line":225,"column":67}},"42":{"start":{"line":228,"column":4},"end":{"line":228,"column":31}},"43":{"start":{"line":231,"column":4},"end":{"line":231,"column":63}},"44":{"start":{"line":232,"column":4},"end":{"line":232,"column":19}},"45":{"start":{"line":235,"column":4},"end":{"line":235,"column":46}},"46":{"start":{"line":237,"column":4},"end":{"line":237,"column":23}},"47":{"start":{"line":239,"column":4},"end":{"line":239,"column":76}},"48":{"start":{"line":241,"column":4},"end":{"line":241,"column":7594}},"49":{"start":{"line":251,"column":4},"end":{"line":251,"column":26}},"50":{"start":{"line":253,"column":4},"end":{"line":253,"column":37}},"51":{"start":{"line":256,"column":4},"end":{"line":256,"column":33}},"52":{"start":{"line":267,"column":4},"end":{"line":267,"column":76}},"53":{"start":{"line":270,"column":4},"end":{"line":270,"column":81}},"54":{"start":{"line":271,"column":4},"end":{"line":271,"column":31}},"55":{"start":{"line":274,"column":4},"end":{"line":274,"column":24}},"56":{"start":{"line":275,"column":4},"end":{"line":275,"column":42}},"57":{"start":{"line":276,"column":4},"end":{"line":276,"column":8608}},"58":{"start":{"line":277,"column":6},"end":{"line":277,"column":12}},"59":{"start":{"line":280,"column":4},"end":{"line":280,"column":8660}},"60":{"start":{"line":283,"column":6},"end":{"line":283,"column":39}},"61":{"start":{"line":286,"column":6},"end":{"line":286,"column":29}},"62":{"start":{"line":287,"column":6},"end":{"line":287,"column":22}},"63":{"start":{"line":290,"column":6},"end":{"line":290,"column":54}},"64":{"start":{"line":291,"column":6},"end":{"line":291,"column":61}},"65":{"start":{"line":292,"column":6},"end":{"line":292,"column":21}},"66":{"start":{"line":294,"column":6},"end":{"line":294,"column":37}},"67":{"start":{"line":297,"column":11},"end":{"line":297,"column":9071}},"68":{"start":{"line":300,"column":6},"end":{"line":300,"column":42}},"69":{"start":{"line":303,"column":6},"end":{"line":303,"column":31}},"70":{"start":{"line":305,"column":6},"end":{"line":305,"column":45}},"71":{"start":{"line":309,"column":4},"end":{"line":309,"column":39}},"72":{"start":{"line":320,"column":4},"end":{"line":320,"column":35}},"73":{"start":{"line":323,"column":4},"end":{"line":323,"column":48}},"74":{"start":{"line":327,"column":4},"end":{"line":327,"column":48}},"75":{"start":{"line":329,"column":4},"end":{"line":329,"column":30}},"76":{"start":{"line":332,"column":4},"end":{"line":332,"column":9932}},"77":{"start":{"line":336,"column":6},"end":{"line":336,"column":64}},"78":{"start":{"line":339,"column":6},"end":{"line":339,"column":25}},"79":{"start":{"line":341,"column":6},"end":{"line":341,"column":26}},"80":{"start":{"line":348,"column":6},"end":{"line":348,"column":49}},"81":{"start":{"line":351,"column":6},"end":{"line":351,"column":32}},"82":{"start":{"line":352,"column":6},"end":{"line":352,"column":27}},"83":{"start":{"line":356,"column":4},"end":{"line":356,"column":56}},"84":{"start":{"line":357,"column":4},"end":{"line":357,"column":41}},"85":{"start":{"line":359,"column":4},"end":{"line":359,"column":55}},"86":{"start":{"line":360,"column":4},"end":{"line":360,"column":63}},"87":{"start":{"line":362,"column":4},"end":{"line":362,"column":10720}},"88":{"start":{"line":364,"column":6},"end":{"line":364,"column":44}},"89":{"start":{"line":367,"column":4},"end":{"line":367,"column":56}},"90":{"start":{"line":370,"column":4},"end":{"line":370,"column":30}},"91":{"start":{"line":382,"column":4},"end":{"line":382,"column":36}},"92":{"start":{"line":393,"column":4},"end":{"line":393,"column":33}},"93":{"start":{"line":399,"column":4},"end":{"line":399,"column":73}},"94":{"start":{"line":401,"column":4},"end":{"line":401,"column":54}},"95":{"start":{"line":403,"column":4},"end":{"line":403,"column":50}},"96":{"start":{"line":405,"column":4},"end":{"line":405,"column":64}},"97":{"start":{"line":407,"column":4},"end":{"line":407,"column":12032}},"98":{"start":{"line":408,"column":6},"end":{"line":408,"column":64}},"99":{"start":{"line":410,"column":4},"end":{"line":410,"column":24}},"100":{"start":{"line":416,"column":4},"end":{"line":416,"column":20}},"101":{"start":{"line":421,"column":4},"end":{"line":421,"column":75}},"102":{"start":{"line":425,"column":4},"end":{"line":425,"column":73}},"103":{"start":{"line":428,"column":4},"end":{"line":428,"column":32}},"104":{"start":{"line":432,"column":4},"end":{"line":432,"column":55}},"105":{"start":{"line":436,"column":4},"end":{"line":436,"column":51}},"106":{"start":{"line":441,"column":4},"end":{"line":441,"column":13165}},"107":{"start":{"line":442,"column":6},"end":{"line":442,"column":75}},"108":{"start":{"line":444,"column":6},"end":{"line":444,"column":34}},"109":{"start":{"line":449,"column":4},"end":{"line":449,"column":33}},"110":{"start":{"line":453,"column":4},"end":{"line":453,"column":32}},"111":{"start":{"line":458,"column":4},"end":{"line":458,"column":37}},"112":{"start":{"line":462,"column":4},"end":{"line":462,"column":28}},"113":{"start":{"line":466,"column":4},"end":{"line":466,"column":73}},"114":{"start":{"line":470,"column":4},"end":{"line":470,"column":49}}},"branchMap":{"1":{"line":111,"type":"if","locations":[{"start":{"line":111,"column":4},"end":{"line":111,"column":4}},{"start":{"line":111,"column":4},"end":{"line":111,"column":4}}]},"2":{"line":122,"type":"if","locations":[{"start":{"line":122,"column":6},"end":{"line":122,"column":6}},{"start":{"line":122,"column":6},"end":{"line":122,"column":6}}]},"3":{"line":168,"type":"if","locations":[{"start":{"line":168,"column":4},"end":{"line":168,"column":4}},{"start":{"line":168,"column":4},"end":{"line":168,"column":4}}]},"4":{"line":217,"type":"if","locations":[{"start":{"line":217,"column":4},"end":{"line":217,"column":4}},{"start":{"line":217,"column":4},"end":{"line":217,"column":4}}]},"5":{"line":220,"type":"if","locations":[{"start":{"line":220,"column":4},"end":{"line":220,"column":4}},{"start":{"line":220,"column":4},"end":{"line":220,"column":4}}]},"6":{"line":228,"type":"if","locations":[{"start":{"line":228,"column":4},"end":{"line":228,"column":4}},{"start":{"line":228,"column":4},"end":{"line":228,"column":4}}]},"7":{"line":232,"type":"if","locations":[{"start":{"line":232,"column":4},"end":{"line":232,"column":4}},{"start":{"line":232,"column":4},"end":{"line":232,"column":4}}]},"8":{"line":267,"type":"if","locations":[{"start":{"line":267,"column":4},"end":{"line":267,"column":4}},{"start":{"line":267,"column":4},"end":{"line":267,"column":4}}]},"9":{"line":271,"type":"if","locations":[{"start":{"line":271,"column":4},"end":{"line":271,"column":4}},{"start":{"line":271,"column":4},"end":{"line":271,"column":4}}]},"10":{"line":274,"type":"if","locations":[{"start":{"line":274,"column":4},"end":{"line":274,"column":4}},{"start":{"line":274,"column":4},"end":{"line":274,"column":4}}]},"11":{"line":276,"type":"if","locations":[{"start":{"line":276,"column":4},"end":{"line":276,"column":4}},{"start":{"line":276,"column":4},"end":{"line":276,"column":4}}]},"12":{"line":280,"type":"if","locations":[{"start":{"line":280,"column":4},"end":{"line":280,"column":4}},{"start":{"line":280,"column":4},"end":{"line":280,"column":4}}]},"13":{"line":286,"type":"if","locations":[{"start":{"line":286,"column":6},"end":{"line":286,"column":6}},{"start":{"line":286,"column":6},"end":{"line":286,"column":6}}]},"14":{"line":287,"type":"if","locations":[{"start":{"line":287,"column":6},"end":{"line":287,"column":6}},{"start":{"line":287,"column":6},"end":{"line":287,"column":6}}]},"15":{"line":290,"type":"if","locations":[{"start":{"line":290,"column":6},"end":{"line":290,"column":6}},{"start":{"line":290,"column":6},"end":{"line":290,"column":6}}]},"16":{"line":292,"type":"if","locations":[{"start":{"line":292,"column":6},"end":{"line":292,"column":6}},{"start":{"line":292,"column":6},"end":{"line":292,"column":6}}]},"17":{"line":297,"type":"if","locations":[{"start":{"line":297,"column":11},"end":{"line":297,"column":11}},{"start":{"line":297,"column":11},"end":{"line":297,"column":11}}]},"18":{"line":303,"type":"if","locations":[{"start":{"line":303,"column":6},"end":{"line":303,"column":6}},{"start":{"line":303,"column":6},"end":{"line":303,"column":6}}]},"19":{"line":320,"type":"if","locations":[{"start":{"line":320,"column":4},"end":{"line":320,"column":4}},{"start":{"line":320,"column":4},"end":{"line":320,"column":4}}]},"20":{"line":323,"type":"if","locations":[{"start":{"line":323,"column":4},"end":{"line":323,"column":4}},{"start":{"line":323,"column":4},"end":{"line":323,"column":4}}]},"21":{"line":332,"type":"if","locations":[{"start":{"line":332,"column":4},"end":{"line":332,"column":4}},{"start":{"line":332,"column":4},"end":{"line":332,"column":4}}]},"22":{"line":362,"type":"if","locations":[{"start":{"line":362,"column":4},"end":{"line":362,"column":4}},{"start":{"line":362,"column":4},"end":{"line":362,"column":4}}]},"23":{"line":401,"type":"if","locations":[{"start":{"line":401,"column":4},"end":{"line":401,"column":4}},{"start":{"line":401,"column":4},"end":{"line":401,"column":4}}]},"24":{"line":441,"type":"if","locations":[{"start":{"line":441,"column":4},"end":{"line":441,"column":4}},{"start":{"line":441,"column":4},"end":{"line":441,"column":4}}]}}},"contracts/OrderBook.sol":{"l":{"83":10,"84":10,"93":2,"94":2,"108":5,"121":4,"122":4,"123":26,"125":4,"133":5,"134":4,"136":1,"150":1,"151":1,"152":1,"166":2,"169":2,"173":2,"175":2,"176":2,"177":2,"178":2,"180":2,"181":2,"182":2,"184":2,"196":2,"197":12,"199":2,"200":14,"203":2,"204":2,"205":2,"207":2,"217":0,"218":0,"219":0,"221":0,"222":0,"223":0,"236":1,"237":1,"238":1,"240":1,"243":1,"244":1,"245":1,"247":1,"248":1,"251":1,"252":1,"255":1,"256":4,"257":4,"261":1,"262":1,"263":1,"264":1,"279":12,"303":4,"304":4,"305":4,"306":4,"311":4,"313":4,"316":4,"323":4,"324":4,"325":4,"326":1,"337":5,"340":5,"342":0,"343":0,"344":0,"354":11,"364":0,"374":0,"375":0,"376":0,"377":0,"388":2,"389":2,"390":1,"392":1,"394":0,"397":2,"400":2},"path":"/Users/noah/github/republicprotocol/eth-republic/contracts/OrderBook.sol","s":{"1":10,"2":2,"3":5,"4":4,"5":4,"6":26,"7":4,"8":5,"9":4,"10":1,"11":1,"12":1,"13":1,"14":2,"15":2,"16":2,"17":2,"18":2,"19":2,"20":2,"21":2,"22":2,"23":2,"24":2,"25":2,"26":12,"27":2,"28":14,"29":2,"30":2,"31":2,"32":0,"33":0,"34":0,"35":1,"36":1,"37":1,"38":1,"39":1,"40":1,"41":1,"42":1,"43":1,"44":1,"45":4,"46":4,"47":1,"48":1,"49":12,"50":4,"51":4,"52":4,"53":4,"54":4,"55":4,"56":4,"57":4,"58":4,"59":1,"60":5,"61":5,"62":0,"63":0,"64":11,"65":0,"66":0,"67":0,"68":0,"69":0,"70":2,"71":2,"72":1,"73":1,"74":1,"75":0,"76":2,"77":2},"b":{"1":[10,0],"2":[2,0],"3":[4,1],"4":[2,0],"5":[2,0],"6":[2,0],"7":[2,0],"8":[2,0],"9":[2,0],"10":[2,0],"11":[2,0],"12":[0,0],"13":[4,0],"14":[4,0],"15":[4,0],"16":[4,0],"17":[4,0],"18":[1,3],"19":[0,5],"20":[0,0],"21":[1,1],"22":[1,0]},"f":{"1":10,"2":2,"3":5,"4":4,"5":5,"6":1,"7":2,"8":0,"9":1,"10":12,"11":4,"12":5,"13":11,"14":0,"15":0,"16":2},"fnMap":{"1":{"name":"onlyOpenOrder","line":82,"loc":{"start":{"line":82,"column":2},"end":{"line":82,"column":42}}},"2":{"name":"onlyClosedOrder","line":92,"loc":{"start":{"line":92,"column":2},"end":{"line":92,"column":44}}},"3":{"name":"getKValue","line":105,"loc":{"start":{"line":105,"column":2},"end":{"line":105,"column":80}}},"4":{"name":"verifyMiners","line":120,"loc":{"start":{"line":120,"column":2},"end":{"line":120,"column":67}}},"5":{"name":"getMatchID","line":131,"loc":{"start":{"line":131,"column":2},"end":{"line":131,"column":85}}},"6":{"name":"OrderBook","line":149,"loc":{"start":{"line":149,"column":2},"end":{"line":149,"column":102}}},"7":{"name":"openOrder","line":164,"loc":{"start":{"line":164,"column":1},"end":{"line":164,"column":137}}},"8":{"name":"expireOrder","line":216,"loc":{"start":{"line":216,"column":1},"end":{"line":216,"column":47}}},"9":{"name":"closeOrders","line":235,"loc":{"start":{"line":235,"column":1},"end":{"line":235,"column":119}}},"10":{"name":"checkOrderFragment","line":278,"loc":{"start":{"line":278,"column":2},"end":{"line":278,"column":113}}},"11":{"name":"submitOutputFragment","line":293,"loc":{"start":{"line":293,"column":2},"end":{"line":300,"column":3}}},"12":{"name":"withdrawReward","line":336,"loc":{"start":{"line":336,"column":2},"end":{"line":336,"column":50}}},"13":{"name":"getReward","line":353,"loc":{"start":{"line":353,"column":2},"end":{"line":353,"column":68}}},"14":{"name":"getOrderStatus","line":363,"loc":{"start":{"line":363,"column":2},"end":{"line":363,"column":72}}},"15":{"name":"getMatchStatus","line":373,"loc":{"start":{"line":373,"column":2},"end":{"line":373,"column":72}}},"16":{"name":"getMatchedOrder","line":387,"loc":{"start":{"line":387,"column":2},"end":{"line":387,"column":140}}}},"statementMap":{"1":{"start":{"line":83,"column":4},"end":{"line":83,"column":50}},"2":{"start":{"line":93,"column":4},"end":{"line":93,"column":52}},"3":{"start":{"line":108,"column":4},"end":{"line":108,"column":44}},"4":{"start":{"line":121,"column":4},"end":{"line":121,"column":21}},"5":{"start":{"line":122,"column":4},"end":{"line":122,"column":2987}},"6":{"start":{"line":123,"column":6},"end":{"line":123,"column":65}},"7":{"start":{"line":125,"column":4},"end":{"line":125,"column":17}},"8":{"start":{"line":133,"column":4},"end":{"line":133,"column":3386}},"9":{"start":{"line":134,"column":6},"end":{"line":134,"column":44}},"10":{"start":{"line":136,"column":6},"end":{"line":136,"column":44}},"11":{"start":{"line":150,"column":4},"end":{"line":150,"column":38}},"12":{"start":{"line":151,"column":4},"end":{"line":151,"column":51}},"13":{"start":{"line":152,"column":4},"end":{"line":152,"column":54}},"14":{"start":{"line":166,"column":4},"end":{"line":166,"column":64}},"15":{"start":{"line":169,"column":4},"end":{"line":169,"column":4746}},"16":{"start":{"line":173,"column":4},"end":{"line":173,"column":60}},"17":{"start":{"line":175,"column":4},"end":{"line":175,"column":58}},"18":{"start":{"line":176,"column":4},"end":{"line":176,"column":33}},"19":{"start":{"line":177,"column":4},"end":{"line":177,"column":39}},"20":{"start":{"line":178,"column":4},"end":{"line":178,"column":46}},"21":{"start":{"line":180,"column":4},"end":{"line":180,"column":57}},"22":{"start":{"line":181,"column":4},"end":{"line":181,"column":34}},"23":{"start":{"line":182,"column":4},"end":{"line":182,"column":60}},"24":{"start":{"line":184,"column":4},"end":{"line":184,"column":5296}},"25":{"start":{"line":196,"column":4},"end":{"line":196,"column":5567}},"26":{"start":{"line":197,"column":6},"end":{"line":197,"column":81}},"27":{"start":{"line":199,"column":4},"end":{"line":199,"column":5709}},"28":{"start":{"line":200,"column":6},"end":{"line":200,"column":87}},"29":{"start":{"line":204,"column":4},"end":{"line":204,"column":31}},"30":{"start":{"line":205,"column":4},"end":{"line":205,"column":39}},"31":{"start":{"line":207,"column":2},"end":{"line":207,"column":33}},"32":{"start":{"line":217,"column":2},"end":{"line":217,"column":51}},"33":{"start":{"line":218,"column":4},"end":{"line":218,"column":43}},"34":{"start":{"line":223,"column":2},"end":{"line":223,"column":23}},"35":{"start":{"line":236,"column":4},"end":{"line":236,"column":52}},"36":{"start":{"line":237,"column":4},"end":{"line":237,"column":40}},"37":{"start":{"line":238,"column":4},"end":{"line":238,"column":40}},"38":{"start":{"line":240,"column":4},"end":{"line":240,"column":67}},"39":{"start":{"line":243,"column":4},"end":{"line":243,"column":70}},"40":{"start":{"line":244,"column":4},"end":{"line":244,"column":43}},"41":{"start":{"line":245,"column":4},"end":{"line":245,"column":43}},"42":{"start":{"line":247,"column":4},"end":{"line":247,"column":34}},"43":{"start":{"line":248,"column":4},"end":{"line":248,"column":34}},"44":{"start":{"line":255,"column":4},"end":{"line":255,"column":7685}},"45":{"start":{"line":256,"column":6},"end":{"line":256,"column":65}},"46":{"start":{"line":257,"column":6},"end":{"line":257,"column":28}},"47":{"start":{"line":263,"column":2},"end":{"line":263,"column":23}},"48":{"start":{"line":264,"column":4},"end":{"line":264,"column":25}},"49":{"start":{"line":279,"column":4},"end":{"line":279,"column":126}},"50":{"start":{"line":303,"column":4},"end":{"line":303,"column":85}},"51":{"start":{"line":304,"column":4},"end":{"line":304,"column":36}},"52":{"start":{"line":305,"column":4},"end":{"line":305,"column":85}},"53":{"start":{"line":306,"column":4},"end":{"line":306,"column":36}},"54":{"start":{"line":311,"column":4},"end":{"line":311,"column":69}},"55":{"start":{"line":313,"column":4},"end":{"line":313,"column":52}},"56":{"start":{"line":323,"column":4},"end":{"line":323,"column":67}},"57":{"start":{"line":324,"column":4},"end":{"line":324,"column":58}},"58":{"start":{"line":325,"column":4},"end":{"line":325,"column":10294}},"59":{"start":{"line":326,"column":6},"end":{"line":326,"column":38}},"60":{"start":{"line":337,"column":4},"end":{"line":337,"column":52}},"61":{"start":{"line":340,"column":4},"end":{"line":340,"column":31}},"62":{"start":{"line":342,"column":4},"end":{"line":342,"column":37}},"63":{"start":{"line":343,"column":4},"end":{"line":343,"column":24}},"64":{"start":{"line":354,"column":4},"end":{"line":354,"column":28}},"65":{"start":{"line":364,"column":4},"end":{"line":364,"column":34}},"66":{"start":{"line":374,"column":4},"end":{"line":374,"column":61}},"67":{"start":{"line":375,"column":4},"end":{"line":375,"column":61}},"68":{"start":{"line":376,"column":4},"end":{"line":376,"column":30}},"69":{"start":{"line":377,"column":4},"end":{"line":377,"column":18}},"70":{"start":{"line":388,"column":4},"end":{"line":388,"column":41}},"71":{"start":{"line":389,"column":4},"end":{"line":389,"column":12271}},"72":{"start":{"line":390,"column":6},"end":{"line":390,"column":47}},"73":{"start":{"line":391,"column":11},"end":{"line":391,"column":12377}},"74":{"start":{"line":392,"column":6},"end":{"line":392,"column":47}},"75":{"start":{"line":394,"column":6},"end":{"line":394,"column":13}},"76":{"start":{"line":397,"column":4},"end":{"line":397,"column":52}},"77":{"start":{"line":400,"column":4},"end":{"line":400,"column":44}}},"branchMap":{"1":{"line":83,"type":"if","locations":[{"start":{"line":83,"column":4},"end":{"line":83,"column":4}},{"start":{"line":83,"column":4},"end":{"line":83,"column":4}}]},"2":{"line":93,"type":"if","locations":[{"start":{"line":93,"column":4},"end":{"line":93,"column":4}},{"start":{"line":93,"column":4},"end":{"line":93,"column":4}}]},"3":{"line":133,"type":"if","locations":[{"start":{"line":133,"column":4},"end":{"line":133,"column":4}},{"start":{"line":133,"column":4},"end":{"line":133,"column":4}}]},"4":{"line":169,"type":"if","locations":[{"start":{"line":169,"column":4},"end":{"line":169,"column":4}},{"start":{"line":169,"column":4},"end":{"line":169,"column":4}}]},"5":{"line":173,"type":"if","locations":[{"start":{"line":173,"column":4},"end":{"line":173,"column":4}},{"start":{"line":173,"column":4},"end":{"line":173,"column":4}}]},"6":{"line":175,"type":"if","locations":[{"start":{"line":175,"column":4},"end":{"line":175,"column":4}},{"start":{"line":175,"column":4},"end":{"line":175,"column":4}}]},"7":{"line":176,"type":"if","locations":[{"start":{"line":176,"column":4},"end":{"line":176,"column":4}},{"start":{"line":176,"column":4},"end":{"line":176,"column":4}}]},"8":{"line":177,"type":"if","locations":[{"start":{"line":177,"column":4},"end":{"line":177,"column":4}},{"start":{"line":177,"column":4},"end":{"line":177,"column":4}}]},"9":{"line":178,"type":"if","locations":[{"start":{"line":178,"column":4},"end":{"line":178,"column":4}},{"start":{"line":178,"column":4},"end":{"line":178,"column":4}}]},"10":{"line":181,"type":"if","locations":[{"start":{"line":181,"column":4},"end":{"line":181,"column":4}},{"start":{"line":181,"column":4},"end":{"line":181,"column":4}}]},"11":{"line":182,"type":"if","locations":[{"start":{"line":182,"column":4},"end":{"line":182,"column":4}},{"start":{"line":182,"column":4},"end":{"line":182,"column":4}}]},"12":{"line":217,"type":"if","locations":[{"start":{"line":217,"column":2},"end":{"line":217,"column":2}},{"start":{"line":217,"column":2},"end":{"line":217,"column":2}}]},"13":{"line":303,"type":"if","locations":[{"start":{"line":303,"column":4},"end":{"line":303,"column":4}},{"start":{"line":303,"column":4},"end":{"line":303,"column":4}}]},"14":{"line":304,"type":"if","locations":[{"start":{"line":304,"column":4},"end":{"line":304,"column":4}},{"start":{"line":304,"column":4},"end":{"line":304,"column":4}}]},"15":{"line":305,"type":"if","locations":[{"start":{"line":305,"column":4},"end":{"line":305,"column":4}},{"start":{"line":305,"column":4},"end":{"line":305,"column":4}}]},"16":{"line":306,"type":"if","locations":[{"start":{"line":306,"column":4},"end":{"line":306,"column":4}},{"start":{"line":306,"column":4},"end":{"line":306,"column":4}}]},"17":{"line":311,"type":"if","locations":[{"start":{"line":311,"column":4},"end":{"line":311,"column":4}},{"start":{"line":311,"column":4},"end":{"line":311,"column":4}}]},"18":{"line":325,"type":"if","locations":[{"start":{"line":325,"column":4},"end":{"line":325,"column":4}},{"start":{"line":325,"column":4},"end":{"line":325,"column":4}}]},"19":{"line":340,"type":"if","locations":[{"start":{"line":340,"column":4},"end":{"line":340,"column":4}},{"start":{"line":340,"column":4},"end":{"line":340,"column":4}}]},"20":{"line":376,"type":"if","locations":[{"start":{"line":376,"column":4},"end":{"line":376,"column":4}},{"start":{"line":376,"column":4},"end":{"line":376,"column":4}}]},"21":{"line":389,"type":"if","locations":[{"start":{"line":389,"column":4},"end":{"line":389,"column":4}},{"start":{"line":389,"column":4},"end":{"line":389,"column":4}}]},"22":{"line":391,"type":"if","locations":[{"start":{"line":391,"column":11},"end":{"line":391,"column":11}},{"start":{"line":391,"column":11},"end":{"line":391,"column":11}}]}}},"contracts/RepublicToken.sol":{"l":{"6":0,"7":0,"9":0,"10":0,"11":0,"16":0,"18":0,"22":232,"23":232,"27":140,"28":140,"29":140,"44":1,"51":0,"52":0,"62":0,"63":0,"64":0,"80":232,"81":232,"89":0,"90":0,"97":0,"98":0,"105":0,"106":0,"134":48,"135":48,"138":48,"139":48,"140":48,"141":48,"152":9,"179":92,"180":92,"181":92,"183":92,"184":92,"185":92,"186":92,"187":92,"206":92,"207":92,"208":92,"222":93,"236":0,"237":0,"238":0,"242":0,"243":0,"244":0,"246":0,"248":0,"249":0,"263":0,"264":0,"268":0,"269":0,"270":0,"271":0,"278":48,"282":92,"286":92,"290":0,"294":0,"309":1,"310":1,"314":0,"316":0,"317":0,"318":0,"320":0},"path":"/Users/noah/github/republicprotocol/eth-republic/contracts/RepublicToken.sol","s":{"1":0,"2":0,"3":0,"4":0,"5":0,"6":0,"7":0,"8":232,"9":232,"10":140,"11":140,"12":140,"13":1,"14":0,"15":0,"16":0,"17":0,"18":232,"19":0,"20":0,"21":0,"22":0,"23":0,"24":48,"25":48,"26":48,"27":48,"28":48,"29":48,"30":9,"31":92,"32":92,"33":92,"34":92,"35":92,"36":92,"37":92,"38":92,"39":92,"40":92,"41":92,"42":93,"43":0,"44":0,"45":0,"46":0,"47":0,"48":0,"49":0,"50":0,"51":0,"52":0,"53":0,"54":0,"55":0,"56":0,"57":0,"58":48,"59":92,"60":92,"61":0,"62":0,"63":1,"64":1,"65":0,"66":0,"67":0,"68":0,"69":0},"b":{"1":[0,0],"2":[0,0],"3":[232,0],"4":[140,0],"5":[0,0],"6":[0,0],"7":[232,0],"8":[0,0],"9":[48,0],"10":[48,0],"11":[92,0],"12":[92,0],"13":[92,0],"14":[0,0],"15":[0,0],"16":[0,0],"17":[0,0]},"f":{"1":0,"2":0,"3":232,"4":140,"5":1,"6":0,"7":0,"8":232,"9":0,"10":0,"11":0,"12":48,"13":9,"14":92,"15":92,"16":93,"17":0,"18":0,"19":0,"20":48,"21":92,"22":92,"23":0,"24":0,"25":1,"26":0},"fnMap":{"1":{"name":"mul","line":5,"loc":{"start":{"line":5,"column":2},"end":{"line":5,"column":68}}},"2":{"name":"div","line":14,"loc":{"start":{"line":14,"column":2},"end":{"line":14,"column":68}}},"3":{"name":"sub","line":21,"loc":{"start":{"line":21,"column":2},"end":{"line":21,"column":68}}},"4":{"name":"add","line":26,"loc":{"start":{"line":26,"column":2},"end":{"line":26,"column":68}}},"5":{"name":"Ownable","line":43,"loc":{"start":{"line":43,"column":2},"end":{"line":43,"column":27}}},"6":{"name":"onlyOwner","line":50,"loc":{"start":{"line":50,"column":2},"end":{"line":50,"column":22}}},"7":{"name":"transferOwnership","line":61,"loc":{"start":{"line":61,"column":2},"end":{"line":61,"column":63}}},"8":{"name":"whenNotPaused","line":79,"loc":{"start":{"line":79,"column":2},"end":{"line":79,"column":26}}},"9":{"name":"whenPaused","line":88,"loc":{"start":{"line":88,"column":2},"end":{"line":88,"column":23}}},"10":{"name":"pause","line":96,"loc":{"start":{"line":96,"column":2},"end":{"line":96,"column":49}}},"11":{"name":"unpause","line":104,"loc":{"start":{"line":104,"column":2},"end":{"line":104,"column":48}}},"12":{"name":"transfer","line":133,"loc":{"start":{"line":133,"column":2},"end":{"line":133,"column":70}}},"13":{"name":"balanceOf","line":151,"loc":{"start":{"line":151,"column":2},"end":{"line":151,"column":74}}},"14":{"name":"transferFrom","line":178,"loc":{"start":{"line":178,"column":2},"end":{"line":178,"column":89}}},"15":{"name":"approve","line":205,"loc":{"start":{"line":205,"column":2},"end":{"line":205,"column":74}}},"16":{"name":"allowance","line":221,"loc":{"start":{"line":221,"column":2},"end":{"line":221,"column":84}}},"17":{"name":"increaseApproval","line":235,"loc":{"start":{"line":235,"column":2},"end":{"line":235,"column":85}}},"18":{"name":"decreaseApproval","line":241,"loc":{"start":{"line":241,"column":2},"end":{"line":241,"column":90}}},"19":{"name":"burn","line":262,"loc":{"start":{"line":262,"column":4},"end":{"line":262,"column":38}}},"20":{"name":"transfer","line":277,"loc":{"start":{"line":277,"column":2},"end":{"line":277,"column":84}}},"21":{"name":"transferFrom","line":281,"loc":{"start":{"line":281,"column":2},"end":{"line":281,"column":103}}},"22":{"name":"approve","line":285,"loc":{"start":{"line":285,"column":2},"end":{"line":285,"column":88}}},"23":{"name":"increaseApproval","line":289,"loc":{"start":{"line":289,"column":2},"end":{"line":289,"column":107}}},"24":{"name":"decreaseApproval","line":293,"loc":{"start":{"line":293,"column":2},"end":{"line":293,"column":112}}},"25":{"name":"RepublicToken","line":308,"loc":{"start":{"line":308,"column":4},"end":{"line":308,"column":33}}},"26":{"name":"transferTokens","line":313,"loc":{"start":{"line":313,"column":4},"end":{"line":313,"column":94}}}},"statementMap":{"1":{"start":{"line":6,"column":4},"end":{"line":6,"column":126}},"2":{"start":{"line":7,"column":6},"end":{"line":7,"column":14}},"3":{"start":{"line":9,"column":4},"end":{"line":9,"column":20}},"4":{"start":{"line":10,"column":4},"end":{"line":10,"column":21}},"5":{"start":{"line":11,"column":4},"end":{"line":11,"column":12}},"6":{"start":{"line":16,"column":4},"end":{"line":16,"column":20}},"7":{"start":{"line":18,"column":4},"end":{"line":18,"column":12}},"8":{"start":{"line":22,"column":4},"end":{"line":22,"column":17}},"9":{"start":{"line":23,"column":4},"end":{"line":23,"column":16}},"10":{"start":{"line":27,"column":4},"end":{"line":27,"column":20}},"11":{"start":{"line":28,"column":4},"end":{"line":28,"column":17}},"12":{"start":{"line":29,"column":4},"end":{"line":29,"column":12}},"13":{"start":{"line":44,"column":4},"end":{"line":44,"column":21}},"14":{"start":{"line":51,"column":4},"end":{"line":51,"column":31}},"15":{"start":{"line":62,"column":4},"end":{"line":62,"column":34}},"16":{"start":{"line":63,"column":4},"end":{"line":63,"column":40}},"17":{"start":{"line":64,"column":4},"end":{"line":64,"column":19}},"18":{"start":{"line":80,"column":4},"end":{"line":80,"column":19}},"19":{"start":{"line":89,"column":4},"end":{"line":89,"column":18}},"20":{"start":{"line":97,"column":4},"end":{"line":97,"column":16}},"21":{"start":{"line":98,"column":4},"end":{"line":98,"column":10}},"22":{"start":{"line":105,"column":4},"end":{"line":105,"column":17}},"23":{"start":{"line":106,"column":4},"end":{"line":106,"column":12}},"24":{"start":{"line":134,"column":4},"end":{"line":134,"column":29}},"25":{"start":{"line":135,"column":4},"end":{"line":135,"column":42}},"26":{"start":{"line":138,"column":4},"end":{"line":138,"column":58}},"27":{"start":{"line":139,"column":4},"end":{"line":139,"column":44}},"28":{"start":{"line":140,"column":4},"end":{"line":140,"column":36}},"29":{"start":{"line":141,"column":4},"end":{"line":141,"column":15}},"30":{"start":{"line":152,"column":4},"end":{"line":152,"column":27}},"31":{"start":{"line":179,"column":4},"end":{"line":179,"column":29}},"32":{"start":{"line":180,"column":4},"end":{"line":180,"column":37}},"33":{"start":{"line":181,"column":4},"end":{"line":181,"column":48}},"34":{"start":{"line":183,"column":4},"end":{"line":183,"column":48}},"35":{"start":{"line":184,"column":4},"end":{"line":184,"column":44}},"36":{"start":{"line":185,"column":4},"end":{"line":185,"column":70}},"37":{"start":{"line":186,"column":4},"end":{"line":186,"column":31}},"38":{"start":{"line":187,"column":4},"end":{"line":187,"column":15}},"39":{"start":{"line":206,"column":4},"end":{"line":206,"column":41}},"40":{"start":{"line":207,"column":4},"end":{"line":207,"column":41}},"41":{"start":{"line":208,"column":4},"end":{"line":208,"column":15}},"42":{"start":{"line":222,"column":4},"end":{"line":222,"column":36}},"43":{"start":{"line":236,"column":4},"end":{"line":236,"column":81}},"44":{"start":{"line":237,"column":4},"end":{"line":237,"column":64}},"45":{"start":{"line":238,"column":4},"end":{"line":238,"column":15}},"46":{"start":{"line":242,"column":4},"end":{"line":242,"column":48}},"47":{"start":{"line":243,"column":4},"end":{"line":243,"column":6902}},"48":{"start":{"line":244,"column":6},"end":{"line":244,"column":38}},"49":{"start":{"line":246,"column":6},"end":{"line":246,"column":67}},"50":{"start":{"line":248,"column":4},"end":{"line":248,"column":64}},"51":{"start":{"line":249,"column":4},"end":{"line":249,"column":15}},"52":{"start":{"line":263,"column":8},"end":{"line":263,"column":26}},"53":{"start":{"line":264,"column":8},"end":{"line":264,"column":46}},"54":{"start":{"line":268,"column":8},"end":{"line":268,"column":34}},"55":{"start":{"line":269,"column":8},"end":{"line":269,"column":54}},"56":{"start":{"line":270,"column":8},"end":{"line":270,"column":44}},"57":{"start":{"line":271,"column":8},"end":{"line":271,"column":27}},"58":{"start":{"line":278,"column":4},"end":{"line":278,"column":38}},"59":{"start":{"line":282,"column":4},"end":{"line":282,"column":49}},"60":{"start":{"line":286,"column":4},"end":{"line":286,"column":42}},"61":{"start":{"line":290,"column":4},"end":{"line":290,"column":56}},"62":{"start":{"line":294,"column":4},"end":{"line":294,"column":61}},"63":{"start":{"line":309,"column":8},"end":{"line":309,"column":35}},"64":{"start":{"line":310,"column":8},"end":{"line":310,"column":44}},"65":{"start":{"line":314,"column":8},"end":{"line":314,"column":26}},"66":{"start":{"line":316,"column":8},"end":{"line":316,"column":52}},"67":{"start":{"line":317,"column":8},"end":{"line":317,"column":64}},"68":{"start":{"line":318,"column":8},"end":{"line":318,"column":43}},"69":{"start":{"line":320,"column":8},"end":{"line":320,"column":19}}},"branchMap":{"1":{"line":6,"type":"if","locations":[{"start":{"line":6,"column":4},"end":{"line":6,"column":4}},{"start":{"line":6,"column":4},"end":{"line":6,"column":4}}]},"2":{"line":10,"type":"if","locations":[{"start":{"line":10,"column":4},"end":{"line":10,"column":4}},{"start":{"line":10,"column":4},"end":{"line":10,"column":4}}]},"3":{"line":22,"type":"if","locations":[{"start":{"line":22,"column":4},"end":{"line":22,"column":4}},{"start":{"line":22,"column":4},"end":{"line":22,"column":4}}]},"4":{"line":28,"type":"if","locations":[{"start":{"line":28,"column":4},"end":{"line":28,"column":4}},{"start":{"line":28,"column":4},"end":{"line":28,"column":4}}]},"5":{"line":51,"type":"if","locations":[{"start":{"line":51,"column":4},"end":{"line":51,"column":4}},{"start":{"line":51,"column":4},"end":{"line":51,"column":4}}]},"6":{"line":62,"type":"if","locations":[{"start":{"line":62,"column":4},"end":{"line":62,"column":4}},{"start":{"line":62,"column":4},"end":{"line":62,"column":4}}]},"7":{"line":80,"type":"if","locations":[{"start":{"line":80,"column":4},"end":{"line":80,"column":4}},{"start":{"line":80,"column":4},"end":{"line":80,"column":4}}]},"8":{"line":89,"type":"if","locations":[{"start":{"line":89,"column":4},"end":{"line":89,"column":4}},{"start":{"line":89,"column":4},"end":{"line":89,"column":4}}]},"9":{"line":134,"type":"if","locations":[{"start":{"line":134,"column":4},"end":{"line":134,"column":4}},{"start":{"line":134,"column":4},"end":{"line":134,"column":4}}]},"10":{"line":135,"type":"if","locations":[{"start":{"line":135,"column":4},"end":{"line":135,"column":4}},{"start":{"line":135,"column":4},"end":{"line":135,"column":4}}]},"11":{"line":179,"type":"if","locations":[{"start":{"line":179,"column":4},"end":{"line":179,"column":4}},{"start":{"line":179,"column":4},"end":{"line":179,"column":4}}]},"12":{"line":180,"type":"if","locations":[{"start":{"line":180,"column":4},"end":{"line":180,"column":4}},{"start":{"line":180,"column":4},"end":{"line":180,"column":4}}]},"13":{"line":181,"type":"if","locations":[{"start":{"line":181,"column":4},"end":{"line":181,"column":4}},{"start":{"line":181,"column":4},"end":{"line":181,"column":4}}]},"14":{"line":243,"type":"if","locations":[{"start":{"line":243,"column":4},"end":{"line":243,"column":4}},{"start":{"line":243,"column":4},"end":{"line":243,"column":4}}]},"15":{"line":263,"type":"if","locations":[{"start":{"line":263,"column":8},"end":{"line":263,"column":8}},{"start":{"line":263,"column":8},"end":{"line":263,"column":8}}]},"16":{"line":264,"type":"if","locations":[{"start":{"line":264,"column":8},"end":{"line":264,"column":8}},{"start":{"line":264,"column":8},"end":{"line":264,"column":8}}]},"17":{"line":314,"type":"if","locations":[{"start":{"line":314,"column":8},"end":{"line":314,"column":8}},{"start":{"line":314,"column":8},"end":{"line":314,"column":8}}]}}},"contracts/TraderRegistrar.sol":{"l":{"36":0,"37":0,"52":2,"63":0,"64":0,"65":0,"66":0,"79":1,"80":1,"98":2,"99":2,"102":2,"106":2,"109":2,"112":2,"115":2,"116":2,"118":2,"124":2,"126":2,"129":2,"142":0,"143":0,"146":0,"147":0,"148":0,"149":0,"152":0,"155":0,"158":0,"159":0,"162":0,"163":0,"164":0,"166":0,"172":0,"175":0,"177":0,"181":0,"193":0,"195":0,"198":0,"200":0,"203":0,"207":0,"211":0,"215":0},"path":"/Users/noah/github/republicprotocol/eth-republic/contracts/TraderRegistrar.sol","s":{"1":0,"2":2,"3":0,"4":0,"5":0,"6":0,"7":1,"8":1,"9":2,"10":2,"11":2,"12":2,"13":2,"14":2,"15":2,"16":2,"17":2,"18":2,"19":2,"20":2,"21":0,"22":0,"23":0,"24":0,"25":0,"26":0,"27":0,"28":0,"29":0,"30":0,"31":0,"32":0,"33":0,"34":0,"35":0,"36":0,"37":0,"38":0,"39":0,"40":0,"41":0,"42":0,"43":0,"44":0,"45":0,"46":0,"47":0,"48":0},"b":{"1":[0,0],"2":[0,0],"3":[0,0],"4":[2,0],"5":[2,0],"6":[2,0],"7":[2,0],"8":[0,0],"9":[0,0],"10":[0,0],"11":[0,0],"12":[0,0],"13":[0,0],"14":[0,0],"15":[0,0],"16":[0,0],"17":[0,0],"18":[0,0]},"f":{"1":0,"2":2,"3":0,"4":1,"5":2,"6":0,"7":0,"8":0,"9":0,"10":0},"fnMap":{"1":{"name":"onlyRegistered","line":35,"loc":{"start":{"line":35,"column":2},"end":{"line":35,"column":44}}},"2":{"name":"canRegister","line":51,"loc":{"start":{"line":51,"column":2},"end":{"line":51,"column":69}}},"3":{"name":"refundBond","line":62,"loc":{"start":{"line":62,"column":2},"end":{"line":62,"column":71}}},"4":{"name":"TraderRegistrar","line":78,"loc":{"start":{"line":78,"column":2},"end":{"line":78,"column":76}}},"5":{"name":"register","line":96,"loc":{"start":{"line":96,"column":2},"end":{"line":96,"column":70}}},"6":{"name":"updateBond","line":139,"loc":{"start":{"line":139,"column":2},"end":{"line":139,"column":99}}},"7":{"name":"deregister","line":189,"loc":{"start":{"line":189,"column":2},"end":{"line":189,"column":73}}},"8":{"name":"getTraderCount","line":206,"loc":{"start":{"line":206,"column":2},"end":{"line":206,"column":57}}},"9":{"name":"getBond","line":210,"loc":{"start":{"line":210,"column":2},"end":{"line":210,"column":67}}},"10":{"name":"getPublicKey","line":214,"loc":{"start":{"line":214,"column":2},"end":{"line":214,"column":70}}}},"statementMap":{"1":{"start":{"line":36,"column":4},"end":{"line":36,"column":39}},"2":{"start":{"line":52,"column":4},"end":{"line":52,"column":39}},"3":{"start":{"line":63,"column":4},"end":{"line":63,"column":52}},"4":{"start":{"line":64,"column":4},"end":{"line":64,"column":43}},"5":{"start":{"line":65,"column":4},"end":{"line":65,"column":57}},"6":{"start":{"line":66,"column":4},"end":{"line":66,"column":19}},"7":{"start":{"line":79,"column":4},"end":{"line":79,"column":35}},"8":{"start":{"line":80,"column":4},"end":{"line":80,"column":29}},"9":{"start":{"line":98,"column":4},"end":{"line":98,"column":73}},"10":{"start":{"line":99,"column":4},"end":{"line":99,"column":63}},"11":{"start":{"line":102,"column":4},"end":{"line":102,"column":33}},"12":{"start":{"line":106,"column":4},"end":{"line":106,"column":39}},"13":{"start":{"line":109,"column":4},"end":{"line":109,"column":49}},"14":{"start":{"line":112,"column":4},"end":{"line":112,"column":31}},"15":{"start":{"line":115,"column":4},"end":{"line":115,"column":58}},"16":{"start":{"line":116,"column":4},"end":{"line":116,"column":19}},"17":{"start":{"line":118,"column":4},"end":{"line":118,"column":3689}},"18":{"start":{"line":124,"column":4},"end":{"line":124,"column":29}},"19":{"start":{"line":126,"column":4},"end":{"line":126,"column":19}},"20":{"start":{"line":129,"column":4},"end":{"line":129,"column":35}},"21":{"start":{"line":142,"column":4},"end":{"line":142,"column":83}},"22":{"start":{"line":143,"column":4},"end":{"line":143,"column":31}},"23":{"start":{"line":146,"column":4},"end":{"line":146,"column":24}},"24":{"start":{"line":147,"column":4},"end":{"line":147,"column":44}},"25":{"start":{"line":148,"column":4},"end":{"line":148,"column":4534}},"26":{"start":{"line":149,"column":6},"end":{"line":149,"column":12}},"27":{"start":{"line":152,"column":4},"end":{"line":152,"column":4586}},"28":{"start":{"line":155,"column":6},"end":{"line":155,"column":39}},"29":{"start":{"line":158,"column":6},"end":{"line":158,"column":29}},"30":{"start":{"line":159,"column":6},"end":{"line":159,"column":22}},"31":{"start":{"line":162,"column":6},"end":{"line":162,"column":54}},"32":{"start":{"line":163,"column":6},"end":{"line":163,"column":61}},"33":{"start":{"line":164,"column":6},"end":{"line":164,"column":21}},"34":{"start":{"line":166,"column":6},"end":{"line":166,"column":39}},"35":{"start":{"line":169,"column":11},"end":{"line":169,"column":4999}},"36":{"start":{"line":172,"column":6},"end":{"line":172,"column":42}},"37":{"start":{"line":175,"column":6},"end":{"line":175,"column":31}},"38":{"start":{"line":177,"column":6},"end":{"line":177,"column":36}},"39":{"start":{"line":181,"column":4},"end":{"line":181,"column":41}},"40":{"start":{"line":192,"column":4},"end":{"line":192,"column":83}},"41":{"start":{"line":193,"column":4},"end":{"line":193,"column":31}},"42":{"start":{"line":195,"column":4},"end":{"line":195,"column":19}},"43":{"start":{"line":198,"column":4},"end":{"line":198,"column":45}},"44":{"start":{"line":200,"column":4},"end":{"line":200,"column":34}},"45":{"start":{"line":203,"column":4},"end":{"line":203,"column":32}},"46":{"start":{"line":207,"column":4},"end":{"line":207,"column":22}},"47":{"start":{"line":211,"column":4},"end":{"line":211,"column":34}},"48":{"start":{"line":215,"column":4},"end":{"line":215,"column":39}}},"branchMap":{"1":{"line":36,"type":"if","locations":[{"start":{"line":36,"column":4},"end":{"line":36,"column":4}},{"start":{"line":36,"column":4},"end":{"line":36,"column":4}}]},"2":{"line":63,"type":"if","locations":[{"start":{"line":63,"column":4},"end":{"line":63,"column":4}},{"start":{"line":63,"column":4},"end":{"line":63,"column":4}}]},"3":{"line":66,"type":"if","locations":[{"start":{"line":66,"column":4},"end":{"line":66,"column":4}},{"start":{"line":66,"column":4},"end":{"line":66,"column":4}}]},"4":{"line":102,"type":"if","locations":[{"start":{"line":102,"column":4},"end":{"line":102,"column":4}},{"start":{"line":102,"column":4},"end":{"line":102,"column":4}}]},"5":{"line":106,"type":"if","locations":[{"start":{"line":106,"column":4},"end":{"line":106,"column":4}},{"start":{"line":106,"column":4},"end":{"line":106,"column":4}}]},"6":{"line":112,"type":"if","locations":[{"start":{"line":112,"column":4},"end":{"line":112,"column":4}},{"start":{"line":112,"column":4},"end":{"line":112,"column":4}}]},"7":{"line":116,"type":"if","locations":[{"start":{"line":116,"column":4},"end":{"line":116,"column":4}},{"start":{"line":116,"column":4},"end":{"line":116,"column":4}}]},"8":{"line":143,"type":"if","locations":[{"start":{"line":143,"column":4},"end":{"line":143,"column":4}},{"start":{"line":143,"column":4},"end":{"line":143,"column":4}}]},"9":{"line":146,"type":"if","locations":[{"start":{"line":146,"column":4},"end":{"line":146,"column":4}},{"start":{"line":146,"column":4},"end":{"line":146,"column":4}}]},"10":{"line":148,"type":"if","locations":[{"start":{"line":148,"column":4},"end":{"line":148,"column":4}},{"start":{"line":148,"column":4},"end":{"line":148,"column":4}}]},"11":{"line":152,"type":"if","locations":[{"start":{"line":152,"column":4},"end":{"line":152,"column":4}},{"start":{"line":152,"column":4},"end":{"line":152,"column":4}}]},"12":{"line":158,"type":"if","locations":[{"start":{"line":158,"column":6},"end":{"line":158,"column":6}},{"start":{"line":158,"column":6},"end":{"line":158,"column":6}}]},"13":{"line":159,"type":"if","locations":[{"start":{"line":159,"column":6},"end":{"line":159,"column":6}},{"start":{"line":159,"column":6},"end":{"line":159,"column":6}}]},"14":{"line":162,"type":"if","locations":[{"start":{"line":162,"column":6},"end":{"line":162,"column":6}},{"start":{"line":162,"column":6},"end":{"line":162,"column":6}}]},"15":{"line":164,"type":"if","locations":[{"start":{"line":164,"column":6},"end":{"line":164,"column":6}},{"start":{"line":164,"column":6},"end":{"line":164,"column":6}}]},"16":{"line":169,"type":"if","locations":[{"start":{"line":169,"column":11},"end":{"line":169,"column":11}},{"start":{"line":169,"column":11},"end":{"line":169,"column":11}}]},"17":{"line":175,"type":"if","locations":[{"start":{"line":175,"column":6},"end":{"line":175,"column":6}},{"start":{"line":175,"column":6},"end":{"line":175,"column":6}}]},"18":{"line":193,"type":"if","locations":[{"start":{"line":193,"column":4},"end":{"line":193,"column":4}},{"start":{"line":193,"column":4},"end":{"line":193,"column":4}}]}}},"contracts/Utils.sol":{"l":{"15":98,"16":98,"17":98,"18":98,"19":6272,"21":98,"34":98,"46":91,"58":4,"86":4,"87":0},"path":"/Users/noah/github/republicprotocol/eth-republic/contracts/Utils.sol","s":{"1":98,"2":98,"3":98,"4":98,"5":6272,"6":98,"7":98,"8":91,"9":4,"10":0},"b":{"1":[98,0],"2":[0,4]},"f":{"1":98,"2":98,"3":91,"4":4},"fnMap":{"1":{"name":"lastNBytes","line":14,"loc":{"start":{"line":14,"column":2},"end":{"line":14,"column":73}}},"2":{"name":"ethereumAddressFromPublicKey","line":33,"loc":{"start":{"line":33,"column":2},"end":{"line":33,"column":87}}},"3":{"name":"republicIDFromPublicKey","line":45,"loc":{"start":{"line":45,"column":2},"end":{"line":45,"column":82}}},"4":{"name":"logtwo","line":57,"loc":{"start":{"line":57,"column":2},"end":{"line":57,"column":55}}}},"statementMap":{"1":{"start":{"line":15,"column":4},"end":{"line":15,"column":27}},"2":{"start":{"line":16,"column":4},"end":{"line":16,"column":22}},"3":{"start":{"line":17,"column":4},"end":{"line":17,"column":32}},"4":{"start":{"line":18,"column":4},"end":{"line":18,"column":502}},"5":{"start":{"line":19,"column":6},"end":{"line":19,"column":29}},"6":{"start":{"line":21,"column":4},"end":{"line":21,"column":14}},"7":{"start":{"line":34,"column":4},"end":{"line":34,"column":57}},"8":{"start":{"line":46,"column":4},"end":{"line":46,"column":59}},"9":{"start":{"line":86,"column":4},"end":{"line":86,"column":3345}},"10":{"start":{"line":87,"column":6},"end":{"line":87,"column":10}}},"branchMap":{"1":{"line":15,"type":"if","locations":[{"start":{"line":15,"column":4},"end":{"line":15,"column":4}},{"start":{"line":15,"column":4},"end":{"line":15,"column":4}}]},"2":{"line":86,"type":"if","locations":[{"start":{"line":86,"column":4},"end":{"line":86,"column":4}},{"start":{"line":86,"column":4},"end":{"line":86,"column":4}}]}}}}