TN:
SF:/Users/noah/github/republicprotocol/eth-republic/contracts/Judicar.sol
FN:9,onlyOrderBook
FN:20,submitCommitment
FN:24,getProofs
FNF:3
FNH:0
FNDA:0,onlyOrderBook
FNDA:0,submitCommitment
FNDA:0,getProofs
DA:11,0
DA:21,0
LF:2
LH:0
BRF:0
BRH:0
end_of_record
TN:
SF:/Users/noah/github/republicprotocol/eth-republic/contracts/MinerRegistrar.sol
FN:74,toRegisterOffset
FN:78,toDeregisterOffset
FN:82,stayingRegisteredOffset
FN:86,isStayingRegistered
FN:91,canRegister
FN:96,canDeregister
FN:107,updateBondWithdrawal
FN:142,MinerRegistrar
FN:150,isRegistered
FN:155,isPendingRegistration
FN:166,checkEpoch
FN:206,register
FN:265,updateBond
FN:317,deregister
FN:381,withdrawBond
FN:392,getEpochBlockhash
FN:397,getCurrentMiners
FN:414,getAllMiners
FN:419,getMNetworkCount
FN:424,getMNetworkSize
FN:431,getCurrentMinerCount
FN:435,getNextMinerCount
FN:439,getBond
FN:448,getOwner
FN:452,getSeed
FN:457,getPublicKey
FN:461,getMinerID
FN:465,getEthereumAddress
FN:469,getBondPendingWithdrawal
FNF:29
FNH:25
FNDA:279,toRegisterOffset
FNDA:504,toDeregisterOffset
FNDA:381,stayingRegisteredOffset
FNDA:56,isStayingRegistered
FNDA:89,canRegister
FNDA:56,canDeregister
FNDA:73,updateBondWithdrawal
FNDA:1,MinerRegistrar
FNDA:115,isRegistered
FNDA:155,isPendingRegistration
FNDA:166,checkEpoch
FNDA:89,register
FNDA:3,updateBond
FNDA:56,deregister
FNDA:18,withdrawBond
FNDA:1,getEpochBlockhash
FNDA:10,getCurrentMiners
FNDA:0,getAllMiners
FNDA:0,getMNetworkCount
FNDA:4,getMNetworkSize
FNDA:11,getCurrentMinerCount
FNDA:0,getNextMinerCount
FNDA:6,getBond
FNDA:5,getOwner
FNDA:33,getSeed
FNDA:1,getPublicKey
FNDA:0,getMinerID
FNDA:4,getEthereumAddress
FNDA:89,getBondPendingWithdrawal
DA:75,279
DA:79,504
DA:83,381
DA:87,56
DA:88,56
DA:93,89
DA:97,56
DA:109,73
DA:111,73
DA:113,13
DA:116,13
DA:117,13
DA:121,13
DA:122,13
DA:124,13
DA:127,60
DA:128,60
DA:143,1
DA:144,1
DA:145,1
DA:146,1
DA:147,1
DA:151,115
DA:152,115
DA:156,155
DA:157,155
DA:168,166
DA:169,37
DA:175,37
DA:176,46
DA:180,37
DA:181,37
DA:182,37
DA:183,37
DA:185,37
DA:187,37
DA:190,129
DA:212,89
DA:213,89
DA:217,89
DA:220,89
DA:223,87
DA:225,87
DA:228,87
DA:231,87
DA:232,87
DA:235,87
DA:237,87
DA:239,87
DA:241,87
DA:251,87
DA:253,87
DA:256,87
DA:267,3
DA:270,3
DA:271,3
DA:274,3
DA:275,3
DA:276,3
DA:277,0
DA:280,3
DA:283,2
DA:286,2
DA:287,2
DA:290,2
DA:291,1
DA:292,1
DA:294,1
DA:300,1
DA:303,1
DA:305,1
DA:309,2
DA:320,56
DA:323,54
DA:326,54
DA:327,54
DA:329,54
DA:332,54
DA:336,8
DA:339,8
DA:341,8
DA:348,46
DA:351,46
DA:352,46
DA:356,54
DA:357,54
DA:359,54
DA:360,54
DA:362,54
DA:364,8
DA:367,54
DA:370,54
DA:382,18
DA:393,1
DA:399,10
DA:401,10
DA:403,8
DA:405,8
DA:407,8
DA:408,43
DA:410,8
DA:416,0
DA:421,0
DA:425,4
DA:428,4
DA:432,11
DA:436,0
DA:441,6
DA:442,2
DA:444,4
DA:449,5
DA:453,33
DA:458,1
DA:462,0
DA:466,4
DA:470,89
LF:116
LH:111
BRDA:111,1,0,13
BRDA:111,1,1,60
BRDA:122,2,0,13
BRDA:122,2,1,0
BRDA:168,3,0,37
BRDA:168,3,1,129
BRDA:217,4,0,89
BRDA:217,4,1,0
BRDA:220,5,0,87
BRDA:220,5,1,2
BRDA:228,6,0,87
BRDA:228,6,1,0
BRDA:232,7,0,87
BRDA:232,7,1,0
BRDA:267,8,0,3
BRDA:267,8,1,0
BRDA:271,9,0,3
BRDA:271,9,1,0
BRDA:274,10,0,3
BRDA:274,10,1,0
BRDA:276,11,0,0
BRDA:276,11,1,3
BRDA:280,12,0,2
BRDA:280,12,1,1
BRDA:286,13,0,2
BRDA:286,13,1,0
BRDA:287,14,0,2
BRDA:287,14,1,0
BRDA:290,15,0,1
BRDA:290,15,1,1
BRDA:292,16,0,1
BRDA:292,16,1,0
BRDA:297,17,0,1
BRDA:297,17,1,0
BRDA:303,18,0,1
BRDA:303,18,1,0
BRDA:320,19,0,54
BRDA:320,19,1,2
BRDA:323,20,0,54
BRDA:323,20,1,0
BRDA:332,21,0,8
BRDA:332,21,1,46
BRDA:362,22,0,8
BRDA:362,22,1,46
BRDA:401,23,0,8
BRDA:401,23,1,2
BRDA:441,24,0,2
BRDA:441,24,1,4
BRF:48
BRH:34
end_of_record
TN:
SF:/Users/noah/github/republicprotocol/eth-republic/contracts/OrderBook.sol
FN:82,onlyOpenOrder
FN:92,onlyClosedOrder
FN:105,getKValue
FN:120,verifyMiners
FN:131,getMatchID
FN:149,OrderBook
FN:164,openOrder
FN:216,expireOrder
FN:235,closeOrders
FN:278,checkOrderFragment
FN:293,submitOutputFragment
FN:336,withdrawReward
FN:353,getReward
FN:363,getOrderStatus
FN:373,getMatchStatus
FN:387,getMatchedOrder
FNF:16
FNH:13
FNDA:10,onlyOpenOrder
FNDA:2,onlyClosedOrder
FNDA:5,getKValue
FNDA:4,verifyMiners
FNDA:5,getMatchID
FNDA:1,OrderBook
FNDA:2,openOrder
FNDA:0,expireOrder
FNDA:1,closeOrders
FNDA:12,checkOrderFragment
FNDA:4,submitOutputFragment
FNDA:5,withdrawReward
FNDA:11,getReward
FNDA:0,getOrderStatus
FNDA:0,getMatchStatus
FNDA:2,getMatchedOrder
DA:83,10
DA:84,10
DA:93,2
DA:94,2
DA:108,5
DA:121,4
DA:122,4
DA:123,26
DA:125,4
DA:133,5
DA:134,4
DA:136,1
DA:150,1
DA:151,1
DA:152,1
DA:166,2
DA:169,2
DA:173,2
DA:175,2
DA:176,2
DA:177,2
DA:178,2
DA:180,2
DA:181,2
DA:182,2
DA:184,2
DA:196,2
DA:197,12
DA:199,2
DA:200,14
DA:203,2
DA:204,2
DA:205,2
DA:207,2
DA:217,0
DA:218,0
DA:219,0
DA:221,0
DA:222,0
DA:223,0
DA:236,1
DA:237,1
DA:238,1
DA:240,1
DA:243,1
DA:244,1
DA:245,1
DA:247,1
DA:248,1
DA:251,1
DA:252,1
DA:255,1
DA:256,4
DA:257,4
DA:261,1
DA:262,1
DA:263,1
DA:264,1
DA:279,12
DA:303,4
DA:304,4
DA:305,4
DA:306,4
DA:311,4
DA:313,4
DA:316,4
DA:323,4
DA:324,4
DA:325,4
DA:326,1
DA:337,5
DA:340,5
DA:342,0
DA:343,0
DA:344,0
DA:354,11
DA:364,0
DA:374,0
DA:375,0
DA:376,0
DA:377,0
DA:388,2
DA:389,2
DA:390,1
DA:392,1
DA:394,0
DA:397,2
DA:400,2
LF:88
LH:73
BRDA:83,1,0,10
BRDA:83,1,1,0
BRDA:93,2,0,2
BRDA:93,2,1,0
BRDA:133,3,0,4
BRDA:133,3,1,1
BRDA:169,4,0,2
BRDA:169,4,1,0
BRDA:173,5,0,2
BRDA:173,5,1,0
BRDA:175,6,0,2
BRDA:175,6,1,0
BRDA:176,7,0,2
BRDA:176,7,1,0
BRDA:177,8,0,2
BRDA:177,8,1,0
BRDA:178,9,0,2
BRDA:178,9,1,0
BRDA:181,10,0,2
BRDA:181,10,1,0
BRDA:182,11,0,2
BRDA:182,11,1,0
BRDA:217,12,0,0
BRDA:217,12,1,0
BRDA:303,13,0,4
BRDA:303,13,1,0
BRDA:304,14,0,4
BRDA:304,14,1,0
BRDA:305,15,0,4
BRDA:305,15,1,0
BRDA:306,16,0,4
BRDA:306,16,1,0
BRDA:311,17,0,4
BRDA:311,17,1,0
BRDA:325,18,0,1
BRDA:325,18,1,3
BRDA:340,19,0,0
BRDA:340,19,1,5
BRDA:376,20,0,0
BRDA:376,20,1,0
BRDA:389,21,0,1
BRDA:389,21,1,1
BRDA:391,22,0,1
BRDA:391,22,1,0
BRF:44
BRH:23
end_of_record
TN:
SF:/Users/noah/github/republicprotocol/eth-republic/contracts/RepublicToken.sol
FN:5,mul
FN:14,div
FN:21,sub
FN:26,add
FN:43,Ownable
FN:50,onlyOwner
FN:61,transferOwnership
FN:79,whenNotPaused
FN:88,whenPaused
FN:96,pause
FN:104,unpause
FN:133,transfer
FN:151,balanceOf
FN:178,transferFrom
FN:205,approve
FN:221,allowance
FN:235,increaseApproval
FN:241,decreaseApproval
FN:262,burn
FN:277,transfer
FN:281,transferFrom
FN:285,approve
FN:289,increaseApproval
FN:293,decreaseApproval
FN:308,RepublicToken
FN:313,transferTokens
FNF:26
FNH:13
FNDA:0,mul
FNDA:0,div
FNDA:232,sub
FNDA:140,add
FNDA:1,Ownable
FNDA:0,onlyOwner
FNDA:0,transferOwnership
FNDA:232,whenNotPaused
FNDA:0,whenPaused
FNDA:0,pause
FNDA:0,unpause
FNDA:48,transfer
FNDA:9,balanceOf
FNDA:92,transferFrom
FNDA:92,approve
FNDA:93,allowance
FNDA:0,increaseApproval
FNDA:0,decreaseApproval
FNDA:0,burn
FNDA:48,transfer
FNDA:92,transferFrom
FNDA:92,approve
FNDA:0,increaseApproval
FNDA:0,decreaseApproval
FNDA:1,RepublicToken
FNDA:0,transferTokens
DA:6,0
DA:7,0
DA:9,0
DA:10,0
DA:11,0
DA:16,0
DA:18,0
DA:22,232
DA:23,232
DA:27,140
DA:28,140
DA:29,140
DA:44,1
DA:51,0
DA:52,0
DA:62,0
DA:63,0
DA:64,0
DA:80,232
DA:81,232
DA:89,0
DA:90,0
DA:97,0
DA:98,0
DA:105,0
DA:106,0
DA:134,48
DA:135,48
DA:138,48
DA:139,48
DA:140,48
DA:141,48
DA:152,9
DA:179,92
DA:180,92
DA:181,92
DA:183,92
DA:184,92
DA:185,92
DA:186,92
DA:187,92
DA:206,92
DA:207,92
DA:208,92
DA:222,93
DA:236,0
DA:237,0
DA:238,0
DA:242,0
DA:243,0
DA:244,0
DA:246,0
DA:248,0
DA:249,0
DA:263,0
DA:264,0
DA:268,0
DA:269,0
DA:270,0
DA:271,0
DA:278,48
DA:282,92
DA:286,92
DA:290,0
DA:294,0
DA:309,1
DA:310,1
DA:314,0
DA:316,0
DA:317,0
DA:318,0
DA:320,0
LF:72
LH:32
BRDA:6,1,0,0
BRDA:6,1,1,0
BRDA:10,2,0,0
BRDA:10,2,1,0
BRDA:22,3,0,232
BRDA:22,3,1,0
BRDA:28,4,0,140
BRDA:28,4,1,0
BRDA:51,5,0,0
BRDA:51,5,1,0
BRDA:62,6,0,0
BRDA:62,6,1,0
BRDA:80,7,0,232
BRDA:80,7,1,0
BRDA:89,8,0,0
BRDA:89,8,1,0
BRDA:134,9,0,48
BRDA:134,9,1,0
BRDA:135,10,0,48
BRDA:135,10,1,0
BRDA:179,11,0,92
BRDA:179,11,1,0
BRDA:180,12,0,92
BRDA:180,12,1,0
BRDA:181,13,0,92
BRDA:181,13,1,0
BRDA:243,14,0,0
BRDA:243,14,1,0
BRDA:263,15,0,0
BRDA:263,15,1,0
BRDA:264,16,0,0
BRDA:264,16,1,0
BRDA:314,17,0,0
BRDA:314,17,1,0
BRF:34
BRH:8
end_of_record
TN:
SF:/Users/noah/github/republicprotocol/eth-republic/contracts/TraderRegistrar.sol
FN:35,onlyRegistered
FN:51,canRegister
FN:62,refundBond
FN:78,TraderRegistrar
FN:96,register
FN:139,updateBond
FN:189,deregister
FN:206,getTraderCount
FN:210,getBond
FN:214,getPublicKey
FNF:10
FNH:3
FNDA:0,onlyRegistered
FNDA:2,canRegister
FNDA:0,refundBond
FNDA:1,TraderRegistrar
FNDA:2,register
FNDA:0,updateBond
FNDA:0,deregister
FNDA:0,getTraderCount
FNDA:0,getBond
FNDA:0,getPublicKey
DA:36,0
DA:37,0
DA:52,2
DA:63,0
DA:64,0
DA:65,0
DA:66,0
DA:79,1
DA:80,1
DA:98,2
DA:99,2
DA:102,2
DA:106,2
DA:109,2
DA:112,2
DA:115,2
DA:116,2
DA:118,2
DA:124,2
DA:126,2
DA:129,2
DA:142,0
DA:143,0
DA:146,0
DA:147,0
DA:148,0
DA:149,0
DA:152,0
DA:155,0
DA:158,0
DA:159,0
DA:162,0
DA:163,0
DA:164,0
DA:166,0
DA:172,0
DA:175,0
DA:177,0
DA:181,0
DA:193,0
DA:195,0
DA:198,0
DA:200,0
DA:203,0
DA:207,0
DA:211,0
DA:215,0
LF:47
LH:15
BRDA:36,1,0,0
BRDA:36,1,1,0
BRDA:63,2,0,0
BRDA:63,2,1,0
BRDA:66,3,0,0
BRDA:66,3,1,0
BRDA:102,4,0,2
BRDA:102,4,1,0
BRDA:106,5,0,2
BRDA:106,5,1,0
BRDA:112,6,0,2
BRDA:112,6,1,0
BRDA:116,7,0,2
BRDA:116,7,1,0
BRDA:143,8,0,0
BRDA:143,8,1,0
BRDA:146,9,0,0
BRDA:146,9,1,0
BRDA:148,10,0,0
BRDA:148,10,1,0
BRDA:152,11,0,0
BRDA:152,11,1,0
BRDA:158,12,0,0
BRDA:158,12,1,0
BRDA:159,13,0,0
BRDA:159,13,1,0
BRDA:162,14,0,0
BRDA:162,14,1,0
BRDA:164,15,0,0
BRDA:164,15,1,0
BRDA:169,16,0,0
BRDA:169,16,1,0
BRDA:175,17,0,0
BRDA:175,17,1,0
BRDA:193,18,0,0
BRDA:193,18,1,0
BRF:36
BRH:4
end_of_record
TN:
SF:/Users/noah/github/republicprotocol/eth-republic/contracts/Utils.sol
FN:14,lastNBytes
FN:33,ethereumAddressFromPublicKey
FN:45,republicIDFromPublicKey
FN:57,logtwo
FNF:4
FNH:4
FNDA:98,lastNBytes
FNDA:98,ethereumAddressFromPublicKey
FNDA:91,republicIDFromPublicKey
FNDA:4,logtwo
DA:15,98
DA:16,98
DA:17,98
DA:18,98
DA:19,6272
DA:21,98
DA:34,98
DA:46,91
DA:58,4
DA:86,4
DA:87,0
LF:11
LH:10
BRDA:15,1,0,98
BRDA:15,1,1,0
BRDA:86,2,0,0
BRDA:86,2,1,4
BRF:4
BRH:2
end_of_record
